{"uid":"fad290b1ab9a7446","name":"test_TC226_Verificar_error_al_crear_opcion_con_position_negativo","fullName":"tests.catalog.options.test_HU11_ES_POST_ProductOption#test_TC226_Verificar_error_al_crear_opcion_con_position_negativo","historyId":"561d3707232b13abbf485de008a2109a","time":{"start":1755546904151,"stop":1755546904549,"duration":398},"status":"skipped","statusMessage":"XFAIL Known issue BUG: Validación faltante para valores negativos en campo 'position' - Comportamiento inconsistente al normalizar\n\nAssertionError","statusTrace":"setup_add_options = ({'Authorization': 'Bearer eyJ0eXAiOiJKV1QiLCJhbGciOiJSUzI1NiJ9.eyJpYXQiOjE3NTU1NDY4OTksImV4cCI6MTc1NTU1MDQ5OSwicm9sZX...e6kb5VsO2PZVeg6DG3pDSxrdczMdXg2SArLu0mN0anknvuQ_lkVpuHiWqcbxB-CUkjFr7S-DpKFJzZiXfe8ynHOkttCNoDh8GR1IMnprKnFHHuvQ'}, [])\n\n    @pytest.mark.functional\n    @pytest.mark.negative\n    @pytest.mark.medium\n    @pytest.mark.xfail(reason=\"Known issue BUG: Validación faltante para valores negativos en campo 'position' - Comportamiento inconsistente al normalizar\", run=True)\n    def test_TC226_Verificar_error_al_crear_opcion_con_position_negativo(setup_add_options):\n        headers, _ = setup_add_options\n        payload = generate_options_source_data()\n        payload[\"position\"] = fake.random_int(min=-1000, max=-1)\n        response = SyliusRequest.post(EndpointOptions.options(), headers, payload)\n        log_request_response(EndpointOptions.options(), response, headers, payload)\n>       AssertionStatusCode.assert_status_code_422(response)\n\ntests/catalog/options/test_HU11_ES_POST_ProductOption.py:170: \n_ _ _ _ _ _ _ _ _ _ _ _ _ _ _ _ _ _ _ _ _ _ _ _ _ _ _ _ _ _ _ _ _ _ _ _ _ _ _ _ \n\nresponse = <Response [201]>\n\n    @staticmethod\n    def assert_status_code_422(response):\n>       assert response.status_code == 422\n               ^^^^^^^^^^^^^^^^^^^^^^^^^^^\nE       AssertionError\n\nsrc/assertions/status_code_assertions.py:59: AssertionError","flaky":false,"newFailed":false,"newBroken":false,"newPassed":false,"retriesCount":0,"retriesStatusChange":false,"beforeStages":[{"name":"_session_faker","time":{"start":1755546898499,"stop":1755546898500,"duration":1},"status":"passed","steps":[],"attachments":[],"parameters":[],"shouldDisplayMessage":false,"stepsCount":0,"attachmentsCount":0,"hasContent":false},{"name":"auth_headers","time":{"start":1755546899310,"stop":1755546899745,"duration":435},"status":"passed","steps":[],"attachments":[],"parameters":[],"shouldDisplayMessage":false,"stepsCount":0,"attachmentsCount":0,"hasContent":false},{"name":"setup_add_options","time":{"start":1755546904150,"stop":1755546904150,"duration":0},"status":"passed","steps":[],"attachments":[],"parameters":[],"shouldDisplayMessage":false,"stepsCount":0,"attachmentsCount":0,"hasContent":false}],"testStage":{"status":"skipped","statusMessage":"XFAIL Known issue BUG: Validación faltante para valores negativos en campo 'position' - Comportamiento inconsistente al normalizar\n\nAssertionError","statusTrace":"setup_add_options = ({'Authorization': 'Bearer eyJ0eXAiOiJKV1QiLCJhbGciOiJSUzI1NiJ9.eyJpYXQiOjE3NTU1NDY4OTksImV4cCI6MTc1NTU1MDQ5OSwicm9sZX...e6kb5VsO2PZVeg6DG3pDSxrdczMdXg2SArLu0mN0anknvuQ_lkVpuHiWqcbxB-CUkjFr7S-DpKFJzZiXfe8ynHOkttCNoDh8GR1IMnprKnFHHuvQ'}, [])\n\n    @pytest.mark.functional\n    @pytest.mark.negative\n    @pytest.mark.medium\n    @pytest.mark.xfail(reason=\"Known issue BUG: Validación faltante para valores negativos en campo 'position' - Comportamiento inconsistente al normalizar\", run=True)\n    def test_TC226_Verificar_error_al_crear_opcion_con_position_negativo(setup_add_options):\n        headers, _ = setup_add_options\n        payload = generate_options_source_data()\n        payload[\"position\"] = fake.random_int(min=-1000, max=-1)\n        response = SyliusRequest.post(EndpointOptions.options(), headers, payload)\n        log_request_response(EndpointOptions.options(), response, headers, payload)\n>       AssertionStatusCode.assert_status_code_422(response)\n\ntests/catalog/options/test_HU11_ES_POST_ProductOption.py:170: \n_ _ _ _ _ _ _ _ _ _ _ _ _ _ _ _ _ _ _ _ _ _ _ _ _ _ _ _ _ _ _ _ _ _ _ _ _ _ _ _ \n\nresponse = <Response [201]>\n\n    @staticmethod\n    def assert_status_code_422(response):\n>       assert response.status_code == 422\n               ^^^^^^^^^^^^^^^^^^^^^^^^^^^\nE       AssertionError\n\nsrc/assertions/status_code_assertions.py:59: AssertionError","steps":[],"attachments":[{"uid":"ffab0c8d9bcbeb88","name":"log","source":"ffab0c8d9bcbeb88.txt","type":"text/plain","size":2213}],"parameters":[],"shouldDisplayMessage":true,"stepsCount":0,"attachmentsCount":1,"hasContent":true},"afterStages":[{"name":"setup_add_options::0","time":{"start":1755546904580,"stop":1755546904580,"duration":0},"status":"passed","steps":[],"attachments":[],"parameters":[],"shouldDisplayMessage":false,"stepsCount":0,"attachmentsCount":0,"hasContent":false}],"labels":[{"name":"tag","value":"medium"},{"name":"tag","value":"negative"},{"name":"tag","value":"functional"},{"name":"parentSuite","value":"tests.catalog.options"},{"name":"suite","value":"test_HU11_ES_POST_ProductOption"},{"name":"host","value":"pkrvmubgrv54qmi"},{"name":"thread","value":"2375-MainThread"},{"name":"framework","value":"pytest"},{"name":"language","value":"cpython3"},{"name":"package","value":"tests.catalog.options.test_HU11_ES_POST_ProductOption"},{"name":"resultFormat","value":"allure2"}],"parameters":[],"links":[],"hidden":false,"retry":false,"extra":{"severity":"normal","retries":[],"categories":[],"history":{"statistic":{"failed":0,"broken":0,"skipped":3,"passed":0,"unknown":0,"total":3},"items":[{"uid":"5808b89f6f61b706","reportUrl":"https://Elv500.github.io/Softsign/70//#testresult/5808b89f6f61b706","status":"skipped","statusDetails":"XFAIL Known issue BUG: Validación faltante para valores negativos en campo 'position' - Comportamiento inconsistente al normalizar\n\nAssertionError","time":{"start":1755546839107,"stop":1755546839477,"duration":370}},{"uid":"87b96fcd5fa0a2ad","reportUrl":"https://Elv500.github.io/Softsign/57//#testresult/87b96fcd5fa0a2ad","status":"skipped","statusDetails":"XFAIL Known issue BUG: Validación faltante para valores negativos en campo 'position' - Comportamiento inconsistente al normalizar\n\nAssertionError","time":{"start":1755544226765,"stop":1755544227617,"duration":852}}]},"tags":["negative","functional","medium"]},"source":"fad290b1ab9a7446.json","parameterValues":[]}