{"uid":"b142e28fb848cdac","name":"test_tc322_Verificar_error_al_actualizar_opción_con_position_de_tipo_negativo","fullName":"tests.catalog.options.test_HU25_ES_PUT_ProductOption#test_tc322_Verificar_error_al_actualizar_opción_con_position_de_tipo_negativo","historyId":"b94f297ca1addf088bb354d7b6cfe107","time":{"start":1755291511876,"stop":1755291512258,"duration":382},"status":"skipped","statusMessage":"XFAIL Known issue BUG: Validación faltante para valores negativos en campo 'position' - Comportamiento inconsistente al normalizar\n\nAssertionError","statusTrace":"setup_options_cleanup = ({'Authorization': 'Bearer eyJ0eXAiOiJKV1QiLCJhbGciOiJSUzI1NiJ9.eyJpYXQiOjE3NTUyOTE0NDYsImV4cCI6MTc1NTI5NTA0Niwicm9sZX...BoUJaaoB364I4BlG73qzcFyXWO9wXpnU'}, <function setup_options_cleanup.<locals>.add_option_for_cleanup at 0x7f722a136fc0>)\n\n    @pytest.mark.functional\n    @pytest.mark.negative\n    @pytest.mark.xfail(reason=\"Known issue BUG: Validación faltante para valores negativos en campo 'position' - Comportamiento inconsistente al normalizar\", run=True)\n    def test_tc322_Verificar_error_al_actualizar_opción_con_position_de_tipo_negativo(setup_options_cleanup):\n        headers, _ = setup_options_cleanup\n        payload = generate_options_source_data()\n        response = SyliusRequest.post(EndpointOptions.options(), headers, payload)\n        AssertionStatusCode.assert_status_code_201(response)\n        code = response.json()[\"code\"]\n        en_us_translation = response.json()[\"translations\"].get(\"en_US\", {})\n        translation_id = en_us_translation.get(\"@id\")\n        updated_payload = generate_updated_options_payload(code, translation_id)\n        updated_payload[\"position\"] = fake.random_int(min=-1000, max=-1)\n        response = SyliusRequest().put_with_custom_headers(EndpointOptions.code(code), headers, updated_payload)\n        log_request_response(EndpointOptions.code(code), response, headers, updated_payload)\n>       AssertionStatusCode.assert_status_code_400(response)\n\ntests/catalog/options/test_HU25_ES_PUT_ProductOption.py:157: \n_ _ _ _ _ _ _ _ _ _ _ _ _ _ _ _ _ _ _ _ _ _ _ _ _ _ _ _ _ _ _ _ _ _ _ _ _ _ _ _ \n\nresponse = <Response [200]>\n\n    @staticmethod\n    def assert_status_code_400(response):\n>       assert response.status_code == 400\n               ^^^^^^^^^^^^^^^^^^^^^^^^^^^\nE       AssertionError\n\nsrc/assertions/status_code_assertions.py:23: AssertionError","flaky":false,"newFailed":false,"newBroken":false,"newPassed":false,"retriesCount":0,"retriesStatusChange":false,"beforeStages":[{"name":"_session_faker","time":{"start":1755291445879,"stop":1755291445880,"duration":1},"status":"passed","steps":[],"attachments":[],"parameters":[],"shouldDisplayMessage":false,"stepsCount":0,"attachmentsCount":0,"hasContent":false},{"name":"auth_headers","time":{"start":1755291445880,"stop":1755291446470,"duration":590},"status":"passed","steps":[],"attachments":[],"parameters":[],"shouldDisplayMessage":false,"stepsCount":0,"attachmentsCount":0,"hasContent":false},{"name":"setup_options_cleanup","time":{"start":1755291511875,"stop":1755291511875,"duration":0},"status":"passed","steps":[],"attachments":[],"parameters":[],"shouldDisplayMessage":false,"stepsCount":0,"attachmentsCount":0,"hasContent":false}],"testStage":{"status":"skipped","statusMessage":"XFAIL Known issue BUG: Validación faltante para valores negativos en campo 'position' - Comportamiento inconsistente al normalizar\n\nAssertionError","statusTrace":"setup_options_cleanup = ({'Authorization': 'Bearer eyJ0eXAiOiJKV1QiLCJhbGciOiJSUzI1NiJ9.eyJpYXQiOjE3NTUyOTE0NDYsImV4cCI6MTc1NTI5NTA0Niwicm9sZX...BoUJaaoB364I4BlG73qzcFyXWO9wXpnU'}, <function setup_options_cleanup.<locals>.add_option_for_cleanup at 0x7f722a136fc0>)\n\n    @pytest.mark.functional\n    @pytest.mark.negative\n    @pytest.mark.xfail(reason=\"Known issue BUG: Validación faltante para valores negativos en campo 'position' - Comportamiento inconsistente al normalizar\", run=True)\n    def test_tc322_Verificar_error_al_actualizar_opción_con_position_de_tipo_negativo(setup_options_cleanup):\n        headers, _ = setup_options_cleanup\n        payload = generate_options_source_data()\n        response = SyliusRequest.post(EndpointOptions.options(), headers, payload)\n        AssertionStatusCode.assert_status_code_201(response)\n        code = response.json()[\"code\"]\n        en_us_translation = response.json()[\"translations\"].get(\"en_US\", {})\n        translation_id = en_us_translation.get(\"@id\")\n        updated_payload = generate_updated_options_payload(code, translation_id)\n        updated_payload[\"position\"] = fake.random_int(min=-1000, max=-1)\n        response = SyliusRequest().put_with_custom_headers(EndpointOptions.code(code), headers, updated_payload)\n        log_request_response(EndpointOptions.code(code), response, headers, updated_payload)\n>       AssertionStatusCode.assert_status_code_400(response)\n\ntests/catalog/options/test_HU25_ES_PUT_ProductOption.py:157: \n_ _ _ _ _ _ _ _ _ _ _ _ _ _ _ _ _ _ _ _ _ _ _ _ _ _ _ _ _ _ _ _ _ _ _ _ _ _ _ _ \n\nresponse = <Response [200]>\n\n    @staticmethod\n    def assert_status_code_400(response):\n>       assert response.status_code == 400\n               ^^^^^^^^^^^^^^^^^^^^^^^^^^^\nE       AssertionError\n\nsrc/assertions/status_code_assertions.py:23: AssertionError","steps":[],"attachments":[{"uid":"58ed73570b29d946","name":"log","source":"58ed73570b29d946.txt","type":"text/plain","size":2496}],"parameters":[],"shouldDisplayMessage":true,"stepsCount":0,"attachmentsCount":1,"hasContent":true},"afterStages":[{"name":"setup_options_cleanup::0","time":{"start":1755291512266,"stop":1755291512266,"duration":0},"status":"passed","steps":[],"attachments":[],"parameters":[],"shouldDisplayMessage":false,"stepsCount":0,"attachmentsCount":0,"hasContent":false}],"labels":[{"name":"tag","value":"negative"},{"name":"tag","value":"functional"},{"name":"parentSuite","value":"tests.catalog.options"},{"name":"suite","value":"test_HU25_ES_PUT_ProductOption"},{"name":"host","value":"pkrvmubgrv54qmi"},{"name":"thread","value":"2408-MainThread"},{"name":"framework","value":"pytest"},{"name":"language","value":"cpython3"},{"name":"package","value":"tests.catalog.options.test_HU25_ES_PUT_ProductOption"},{"name":"resultFormat","value":"allure2"}],"parameters":[],"links":[],"hidden":false,"retry":false,"extra":{"severity":"normal","retries":[],"categories":[],"history":{"statistic":{"failed":0,"broken":0,"skipped":2,"passed":0,"unknown":0,"total":2},"items":[{"uid":"d53bed26e480341","reportUrl":"https://Elv500.github.io/Softsign/28//#testresult/d53bed26e480341","status":"skipped","statusDetails":"XFAIL Known issue BUG: Validación faltante para valores negativos en campo 'position' - Comportamiento inconsistente al normalizar\n\nrequests.exceptions.JSONDecodeError: Expecting value: line 3 column 1 (char 2)","time":{"start":1755291271192,"stop":1755291271192,"duration":0}}]},"tags":["negative","functional"]},"source":"b142e28fb848cdac.json","parameterValues":[]}