{"uid":"ec05b4c430ace87e","name":"test_TC226_Verificar_error_al_crear_opcion_con_position_negativo","fullName":"tests.catalog.options.test_HU11_ES_POST_ProductOption#test_TC226_Verificar_error_al_crear_opcion_con_position_negativo","historyId":"561d3707232b13abbf485de008a2109a","time":{"start":1755291507761,"stop":1755291507940,"duration":179},"status":"skipped","statusMessage":"XFAIL Known issue BUG: Validación faltante para valores negativos en campo 'position' - Comportamiento inconsistente al normalizar\n\nAssertionError","statusTrace":"setup_add_options = ({'Authorization': 'Bearer eyJ0eXAiOiJKV1QiLCJhbGciOiJSUzI1NiJ9.eyJpYXQiOjE3NTUyOTE0NDYsImV4cCI6MTc1NTI5NTA0Niwicm9sZX...jit-qQNRnbQgM67nh8cvLw1x6z4i9owBHa3GZ4kAYhysChwg7su4uaak_fu-MrGx0nVrsRgW6q7rqtcIBoUJaaoB364I4BlG73qzcFyXWO9wXpnU'}, [])\n\n    @pytest.mark.functional\n    @pytest.mark.negative\n    @pytest.mark.xfail(reason=\"Known issue BUG: Validación faltante para valores negativos en campo 'position' - Comportamiento inconsistente al normalizar\", run=True)\n    def test_TC226_Verificar_error_al_crear_opcion_con_position_negativo(setup_add_options):\n        headers, _ = setup_add_options\n        payload = generate_options_source_data()\n        payload[\"position\"] = fake.random_int(min=-1000, max=-1)\n        response = SyliusRequest.post(EndpointOptions.options(), headers, payload)\n        log_request_response(EndpointOptions.options(), response, headers, payload)\n>       AssertionStatusCode.assert_status_code_422(response)\n\ntests/catalog/options/test_HU11_ES_POST_ProductOption.py:161: \n_ _ _ _ _ _ _ _ _ _ _ _ _ _ _ _ _ _ _ _ _ _ _ _ _ _ _ _ _ _ _ _ _ _ _ _ _ _ _ _ \n\nresponse = <Response [201]>\n\n    @staticmethod\n    def assert_status_code_422(response):\n>       assert response.status_code == 422\n               ^^^^^^^^^^^^^^^^^^^^^^^^^^^\nE       AssertionError\n\nsrc/assertions/status_code_assertions.py:59: AssertionError","flaky":false,"newFailed":false,"newBroken":false,"newPassed":false,"retriesCount":0,"retriesStatusChange":false,"beforeStages":[{"name":"_session_faker","time":{"start":1755291445879,"stop":1755291445880,"duration":1},"status":"passed","steps":[],"attachments":[],"parameters":[],"shouldDisplayMessage":false,"stepsCount":0,"attachmentsCount":0,"hasContent":false},{"name":"auth_headers","time":{"start":1755291445880,"stop":1755291446470,"duration":590},"status":"passed","steps":[],"attachments":[],"parameters":[],"shouldDisplayMessage":false,"stepsCount":0,"attachmentsCount":0,"hasContent":false},{"name":"setup_add_options","time":{"start":1755291507761,"stop":1755291507761,"duration":0},"status":"passed","steps":[],"attachments":[],"parameters":[],"shouldDisplayMessage":false,"stepsCount":0,"attachmentsCount":0,"hasContent":false}],"testStage":{"status":"skipped","statusMessage":"XFAIL Known issue BUG: Validación faltante para valores negativos en campo 'position' - Comportamiento inconsistente al normalizar\n\nAssertionError","statusTrace":"setup_add_options = ({'Authorization': 'Bearer eyJ0eXAiOiJKV1QiLCJhbGciOiJSUzI1NiJ9.eyJpYXQiOjE3NTUyOTE0NDYsImV4cCI6MTc1NTI5NTA0Niwicm9sZX...jit-qQNRnbQgM67nh8cvLw1x6z4i9owBHa3GZ4kAYhysChwg7su4uaak_fu-MrGx0nVrsRgW6q7rqtcIBoUJaaoB364I4BlG73qzcFyXWO9wXpnU'}, [])\n\n    @pytest.mark.functional\n    @pytest.mark.negative\n    @pytest.mark.xfail(reason=\"Known issue BUG: Validación faltante para valores negativos en campo 'position' - Comportamiento inconsistente al normalizar\", run=True)\n    def test_TC226_Verificar_error_al_crear_opcion_con_position_negativo(setup_add_options):\n        headers, _ = setup_add_options\n        payload = generate_options_source_data()\n        payload[\"position\"] = fake.random_int(min=-1000, max=-1)\n        response = SyliusRequest.post(EndpointOptions.options(), headers, payload)\n        log_request_response(EndpointOptions.options(), response, headers, payload)\n>       AssertionStatusCode.assert_status_code_422(response)\n\ntests/catalog/options/test_HU11_ES_POST_ProductOption.py:161: \n_ _ _ _ _ _ _ _ _ _ _ _ _ _ _ _ _ _ _ _ _ _ _ _ _ _ _ _ _ _ _ _ _ _ _ _ _ _ _ _ \n\nresponse = <Response [201]>\n\n    @staticmethod\n    def assert_status_code_422(response):\n>       assert response.status_code == 422\n               ^^^^^^^^^^^^^^^^^^^^^^^^^^^\nE       AssertionError\n\nsrc/assertions/status_code_assertions.py:59: AssertionError","steps":[],"attachments":[{"uid":"acadd6384af1fbf0","name":"log","source":"acadd6384af1fbf0.txt","type":"text/plain","size":2186}],"parameters":[],"shouldDisplayMessage":true,"stepsCount":0,"attachmentsCount":1,"hasContent":true},"afterStages":[{"name":"setup_add_options::0","time":{"start":1755291507947,"stop":1755291507947,"duration":0},"status":"passed","steps":[],"attachments":[],"parameters":[],"shouldDisplayMessage":false,"stepsCount":0,"attachmentsCount":0,"hasContent":false}],"labels":[{"name":"tag","value":"negative"},{"name":"tag","value":"functional"},{"name":"parentSuite","value":"tests.catalog.options"},{"name":"suite","value":"test_HU11_ES_POST_ProductOption"},{"name":"host","value":"pkrvmubgrv54qmi"},{"name":"thread","value":"2408-MainThread"},{"name":"framework","value":"pytest"},{"name":"language","value":"cpython3"},{"name":"package","value":"tests.catalog.options.test_HU11_ES_POST_ProductOption"},{"name":"resultFormat","value":"allure2"}],"parameters":[],"links":[],"hidden":false,"retry":false,"extra":{"severity":"normal","retries":[],"categories":[],"history":{"statistic":{"failed":0,"broken":0,"skipped":3,"passed":0,"unknown":0,"total":3},"items":[{"uid":"91081380441b10fa","reportUrl":"https://Elv500.github.io/Softsign/28//#testresult/91081380441b10fa","status":"skipped","statusDetails":"XFAIL Known issue BUG: Validación faltante para valores negativos en campo 'position' - Comportamiento inconsistente al normalizar\n\nrequests.exceptions.JSONDecodeError: Expecting value: line 3 column 1 (char 2)","time":{"start":1755291270177,"stop":1755291270177,"duration":0}},{"uid":"f874cc0dd7b86413","reportUrl":"https://Elv500.github.io/Softsign/27//#testresult/f874cc0dd7b86413","status":"skipped","statusDetails":"XFAIL Known issue BUG: Validación faltante para valores negativos en campo 'position' - Comportamiento inconsistente al normalizar\n\nAssertionError","time":{"start":1755149133889,"stop":1755149134142,"duration":253}}]},"tags":["negative","functional"]},"source":"ec05b4c430ace87e.json","parameterValues":[]}