{"uid":"9f97eac77d81d835","name":"test_tc324_Verificar_error_al_intentar_actualizar_opción_sin_autenticación","fullName":"tests.catalog.options.test_HU25_ES_PUT_ProductOption#test_tc324_Verificar_error_al_intentar_actualizar_opción_sin_autenticación","historyId":"84f5782889cfb6934cc6900c3a3c03f3","time":{"start":1755291271247,"stop":1755291271446,"duration":199},"status":"failed","statusMessage":"AssertionError","statusTrace":"@pytest.mark.security\n    @pytest.mark.negative\n    def test_tc324_Verificar_error_al_intentar_actualizar_opción_sin_autenticación():\n        code = \"test_code_inexistente\"\n        updated_payload = generate_updated_options_payload(code, \"test_translation_id_inexistente\")\n        response = SyliusRequest().put_with_custom_headers(EndpointOptions.code(code), {}, updated_payload)\n        log_request_response(EndpointOptions.code(code), response, {}, updated_payload)\n>       AssertionStatusCode.assert_status_code_401(response)\n\ntests/catalog/options/test_HU25_ES_PUT_ProductOption.py:187: \n_ _ _ _ _ _ _ _ _ _ _ _ _ _ _ _ _ _ _ _ _ _ _ _ _ _ _ _ _ _ _ _ _ _ _ _ _ _ _ _ \n\nresponse = <Response [404]>\n\n    @staticmethod\n    def assert_status_code_401(response):\n>       assert response.status_code == 401\n               ^^^^^^^^^^^^^^^^^^^^^^^^^^^\nE       AssertionError\n\nsrc/assertions/status_code_assertions.py:27: AssertionError","flaky":false,"newFailed":false,"newBroken":false,"newPassed":false,"retriesCount":0,"retriesStatusChange":false,"beforeStages":[{"name":"_session_faker","time":{"start":1755291258725,"stop":1755291258725,"duration":0},"status":"passed","steps":[],"attachments":[],"parameters":[],"shouldDisplayMessage":false,"stepsCount":0,"attachmentsCount":0,"hasContent":false}],"testStage":{"status":"failed","statusMessage":"AssertionError","statusTrace":"@pytest.mark.security\n    @pytest.mark.negative\n    def test_tc324_Verificar_error_al_intentar_actualizar_opción_sin_autenticación():\n        code = \"test_code_inexistente\"\n        updated_payload = generate_updated_options_payload(code, \"test_translation_id_inexistente\")\n        response = SyliusRequest().put_with_custom_headers(EndpointOptions.code(code), {}, updated_payload)\n        log_request_response(EndpointOptions.code(code), response, {}, updated_payload)\n>       AssertionStatusCode.assert_status_code_401(response)\n\ntests/catalog/options/test_HU25_ES_PUT_ProductOption.py:187: \n_ _ _ _ _ _ _ _ _ _ _ _ _ _ _ _ _ _ _ _ _ _ _ _ _ _ _ _ _ _ _ _ _ _ _ _ _ _ _ _ \n\nresponse = <Response [404]>\n\n    @staticmethod\n    def assert_status_code_401(response):\n>       assert response.status_code == 401\n               ^^^^^^^^^^^^^^^^^^^^^^^^^^^\nE       AssertionError\n\nsrc/assertions/status_code_assertions.py:27: AssertionError","steps":[],"attachments":[{"uid":"7fa582677506e6e0","name":"log","source":"7fa582677506e6e0.txt","type":"text/plain","size":26735}],"parameters":[],"shouldDisplayMessage":true,"stepsCount":0,"attachmentsCount":1,"hasContent":true},"afterStages":[],"labels":[{"name":"tag","value":"negative"},{"name":"tag","value":"security"},{"name":"parentSuite","value":"tests.catalog.options"},{"name":"suite","value":"test_HU25_ES_PUT_ProductOption"},{"name":"host","value":"pkrvmubgrv54qmi"},{"name":"thread","value":"2507-MainThread"},{"name":"framework","value":"pytest"},{"name":"language","value":"cpython3"},{"name":"package","value":"tests.catalog.options.test_HU25_ES_PUT_ProductOption"},{"name":"resultFormat","value":"allure2"}],"parameters":[],"links":[],"hidden":false,"retry":false,"extra":{"severity":"normal","retries":[],"categories":[{"name":"Product defects","matchedStatuses":[],"flaky":false}],"tags":["negative","security"]},"source":"9f97eac77d81d835.json","parameterValues":[]}