{"uid":"1cef01db7680717","name":"test_tc322_Verificar_error_al_actualizar_opción_con_position_de_tipo_negativo","fullName":"tests.catalog.options.test_HU25_ES_PUT_ProductOption#test_tc322_Verificar_error_al_actualizar_opción_con_position_de_tipo_negativo","historyId":"b94f297ca1addf088bb354d7b6cfe107","time":{"start":1755553167380,"stop":1755553167890,"duration":510},"status":"skipped","statusMessage":"XFAIL Known issue BUG: Validación faltante para valores negativos en campo 'position' - Comportamiento inconsistente al normalizar\n\nAssertionError","statusTrace":"setup_options_cleanup = ({'Authorization': 'Bearer eyJ0eXAiOiJKV1QiLCJhbGciOiJSUzI1NiJ9.eyJpYXQiOjE3NTU1NTMwNzksImV4cCI6MTc1NTU1NjY3OSwicm9sZX...tJHzZ-iKxD_UeVYccQGSHfTd1_xQ6riU'}, <function setup_options_cleanup.<locals>.add_option_for_cleanup at 0x7f20349c8a40>)\n\n    @pytest.mark.functional\n    @pytest.mark.negative\n    @pytest.mark.low\n    @pytest.mark.xfail(reason=\"Known issue BUG: Validación faltante para valores negativos en campo 'position' - Comportamiento inconsistente al normalizar\", run=True)\n    def test_tc322_Verificar_error_al_actualizar_opción_con_position_de_tipo_negativo(setup_options_cleanup):\n        headers, _ = setup_options_cleanup\n        payload = generate_options_source_data()\n        response = SyliusRequest.post(EndpointOptions.options(), headers, payload)\n        AssertionStatusCode.assert_status_code_201(response)\n        code = response.json()[\"code\"]\n        en_us_translation = response.json()[\"translations\"].get(\"en_US\", {})\n        translation_id = en_us_translation.get(\"@id\")\n        updated_payload = generate_updated_options_payload(code, translation_id)\n        updated_payload[\"position\"] = fake.random_int(min=-1000, max=-1)\n        response = SyliusRequest().put_with_custom_headers(EndpointOptions.code(code), headers, updated_payload)\n        log_request_response(EndpointOptions.code(code), response, headers, updated_payload)\n>       AssertionStatusCode.assert_status_code_400(response)\n\ntests/catalog/options/test_HU25_ES_PUT_ProductOption.py:165: \n_ _ _ _ _ _ _ _ _ _ _ _ _ _ _ _ _ _ _ _ _ _ _ _ _ _ _ _ _ _ _ _ _ _ _ _ _ _ _ _ \n\nresponse = <Response [200]>\n\n    @staticmethod\n    def assert_status_code_400(response):\n>       assert response.status_code == 400\n               ^^^^^^^^^^^^^^^^^^^^^^^^^^^\nE       AssertionError\n\nsrc/assertions/status_code_assertions.py:23: AssertionError","flaky":false,"newFailed":false,"newBroken":false,"newPassed":false,"retriesCount":0,"retriesStatusChange":false,"beforeStages":[{"name":"_session_faker","time":{"start":1755553079177,"stop":1755553079178,"duration":1},"status":"passed","steps":[],"attachments":[],"parameters":[],"shouldDisplayMessage":false,"stepsCount":0,"attachmentsCount":0,"hasContent":false},{"name":"auth_headers","time":{"start":1755553079178,"stop":1755553079831,"duration":653},"status":"passed","steps":[],"attachments":[],"parameters":[],"shouldDisplayMessage":false,"stepsCount":0,"attachmentsCount":0,"hasContent":false},{"name":"setup_options_cleanup","time":{"start":1755553167380,"stop":1755553167380,"duration":0},"status":"passed","steps":[],"attachments":[],"parameters":[],"shouldDisplayMessage":false,"stepsCount":0,"attachmentsCount":0,"hasContent":false}],"testStage":{"status":"skipped","statusMessage":"XFAIL Known issue BUG: Validación faltante para valores negativos en campo 'position' - Comportamiento inconsistente al normalizar\n\nAssertionError","statusTrace":"setup_options_cleanup = ({'Authorization': 'Bearer eyJ0eXAiOiJKV1QiLCJhbGciOiJSUzI1NiJ9.eyJpYXQiOjE3NTU1NTMwNzksImV4cCI6MTc1NTU1NjY3OSwicm9sZX...tJHzZ-iKxD_UeVYccQGSHfTd1_xQ6riU'}, <function setup_options_cleanup.<locals>.add_option_for_cleanup at 0x7f20349c8a40>)\n\n    @pytest.mark.functional\n    @pytest.mark.negative\n    @pytest.mark.low\n    @pytest.mark.xfail(reason=\"Known issue BUG: Validación faltante para valores negativos en campo 'position' - Comportamiento inconsistente al normalizar\", run=True)\n    def test_tc322_Verificar_error_al_actualizar_opción_con_position_de_tipo_negativo(setup_options_cleanup):\n        headers, _ = setup_options_cleanup\n        payload = generate_options_source_data()\n        response = SyliusRequest.post(EndpointOptions.options(), headers, payload)\n        AssertionStatusCode.assert_status_code_201(response)\n        code = response.json()[\"code\"]\n        en_us_translation = response.json()[\"translations\"].get(\"en_US\", {})\n        translation_id = en_us_translation.get(\"@id\")\n        updated_payload = generate_updated_options_payload(code, translation_id)\n        updated_payload[\"position\"] = fake.random_int(min=-1000, max=-1)\n        response = SyliusRequest().put_with_custom_headers(EndpointOptions.code(code), headers, updated_payload)\n        log_request_response(EndpointOptions.code(code), response, headers, updated_payload)\n>       AssertionStatusCode.assert_status_code_400(response)\n\ntests/catalog/options/test_HU25_ES_PUT_ProductOption.py:165: \n_ _ _ _ _ _ _ _ _ _ _ _ _ _ _ _ _ _ _ _ _ _ _ _ _ _ _ _ _ _ _ _ _ _ _ _ _ _ _ _ \n\nresponse = <Response [200]>\n\n    @staticmethod\n    def assert_status_code_400(response):\n>       assert response.status_code == 400\n               ^^^^^^^^^^^^^^^^^^^^^^^^^^^\nE       AssertionError\n\nsrc/assertions/status_code_assertions.py:23: AssertionError","steps":[],"attachments":[{"uid":"18feaaa4929154a1","name":"log","source":"18feaaa4929154a1.txt","type":"text/plain","size":2487}],"parameters":[],"shouldDisplayMessage":true,"stepsCount":0,"attachmentsCount":1,"hasContent":true},"afterStages":[{"name":"setup_options_cleanup::0","time":{"start":1755553167898,"stop":1755553167898,"duration":0},"status":"passed","steps":[],"attachments":[],"parameters":[],"shouldDisplayMessage":false,"stepsCount":0,"attachmentsCount":0,"hasContent":false}],"labels":[{"name":"tag","value":"low"},{"name":"tag","value":"negative"},{"name":"tag","value":"functional"},{"name":"parentSuite","value":"tests.catalog.options"},{"name":"suite","value":"test_HU25_ES_PUT_ProductOption"},{"name":"host","value":"pkrvmubgrv54qmi"},{"name":"thread","value":"2452-MainThread"},{"name":"framework","value":"pytest"},{"name":"language","value":"cpython3"},{"name":"package","value":"tests.catalog.options.test_HU25_ES_PUT_ProductOption"},{"name":"resultFormat","value":"allure2"}],"parameters":[],"links":[],"hidden":false,"retry":false,"extra":{"severity":"normal","retries":[],"categories":[],"history":{"statistic":{"failed":0,"broken":0,"skipped":7,"passed":0,"unknown":0,"total":7},"items":[{"uid":"17ca430e2f1d2999","reportUrl":"https://Elv500.github.io/Softsign/93//#testresult/17ca430e2f1d2999","status":"skipped","statusDetails":"XFAIL Known issue BUG: Validación faltante para valores negativos en campo 'position' - Comportamiento inconsistente al normalizar\n\nAssertionError","time":{"start":1755552775084,"stop":1755552775444,"duration":360}},{"uid":"be0d1e8452f58e0f","reportUrl":"https://Elv500.github.io/Softsign/92//#testresult/be0d1e8452f58e0f","status":"skipped","statusDetails":"XFAIL Known issue BUG: Validación faltante para valores negativos en campo 'position' - Comportamiento inconsistente al normalizar\n\nAssertionError","time":{"start":1755552474624,"stop":1755552475484,"duration":860}},{"uid":"e6cc7648e2f0383e","reportUrl":"https://Elv500.github.io/Softsign/77//#testresult/e6cc7648e2f0383e","status":"skipped","statusDetails":"XFAIL Known issue BUG: Validación faltante para valores negativos en campo 'position' - Comportamiento inconsistente al normalizar\n\nAssertionError","time":{"start":1755547114576,"stop":1755547115284,"duration":708}},{"uid":"7454899c05e9a06d","reportUrl":"https://Elv500.github.io/Softsign/72//#testresult/7454899c05e9a06d","status":"skipped","statusDetails":"XFAIL Known issue BUG: Validación faltante para valores negativos en campo 'position' - Comportamiento inconsistente al normalizar\n\nAssertionError","time":{"start":1755546910149,"stop":1755546910847,"duration":698}},{"uid":"f772a45c5f43182b","reportUrl":"https://Elv500.github.io/Softsign/70//#testresult/f772a45c5f43182b","status":"skipped","statusDetails":"XFAIL Known issue BUG: Validación faltante para valores negativos en campo 'position' - Comportamiento inconsistente al normalizar\n\nAssertionError","time":{"start":1755546845804,"stop":1755546846560,"duration":756}},{"uid":"f94f85481253537a","reportUrl":"https://Elv500.github.io/Softsign/57//#testresult/f94f85481253537a","status":"skipped","statusDetails":"XFAIL Known issue BUG: Validación faltante para valores negativos en campo 'position' - Comportamiento inconsistente al normalizar\n\nAssertionError","time":{"start":1755544244100,"stop":1755544245300,"duration":1200}}]},"tags":["negative","functional","low"]},"source":"1cef01db7680717.json","parameterValues":[]}