{"uid":"73dd02528991ae3b","name":"test_TC226_Verificar_error_al_crear_opcion_con_position_negativo","fullName":"tests.catalog.options.test_HU11_ES_POST_ProductOption#test_TC226_Verificar_error_al_crear_opcion_con_position_negativo","historyId":"561d3707232b13abbf485de008a2109a","time":{"start":1755555658610,"stop":1755555658805,"duration":195},"status":"skipped","statusMessage":"XFAIL Known issue BUG: Validación faltante para valores negativos en campo 'position' - Comportamiento inconsistente al normalizar\n\nAssertionError","statusTrace":"setup_add_options = ({'Authorization': 'Bearer eyJ0eXAiOiJKV1QiLCJhbGciOiJSUzI1NiJ9.eyJpYXQiOjE3NTU1NTU1OTgsImV4cCI6MTc1NTU1OTE5OCwicm9sZX...-LAEOBviiVHIR5JVCa2lCQwAL_bUvPRTZ71KZYG7rriFSAAdQkcnuWCgsvDQ5LbdY56PWa6ghYcJKsbj58_g2tWM_TFZf2vrMRPvn5r1QgkH6FY0'}, [])\n\n    @pytest.mark.functional\n    @pytest.mark.negative\n    @pytest.mark.medium\n    @pytest.mark.xfail(reason=\"Known issue BUG: Validación faltante para valores negativos en campo 'position' - Comportamiento inconsistente al normalizar\", run=True)\n    def test_TC226_Verificar_error_al_crear_opcion_con_position_negativo(setup_add_options):\n        headers, _ = setup_add_options\n        payload = generate_options_source_data()\n        payload[\"position\"] = fake.random_int(min=-1000, max=-1)\n        response = SyliusRequest.post(EndpointOptions.options(), headers, payload)\n        log_request_response(EndpointOptions.options(), response, headers, payload)\n>       AssertionStatusCode.assert_status_code_422(response)\n\ntests/catalog/options/test_HU11_ES_POST_ProductOption.py:170: \n_ _ _ _ _ _ _ _ _ _ _ _ _ _ _ _ _ _ _ _ _ _ _ _ _ _ _ _ _ _ _ _ _ _ _ _ _ _ _ _ \n\nresponse = <Response [201]>\n\n    @staticmethod\n    def assert_status_code_422(response):\n>       assert response.status_code == 422\n               ^^^^^^^^^^^^^^^^^^^^^^^^^^^\nE       AssertionError\n\nsrc/assertions/status_code_assertions.py:59: AssertionError","flaky":false,"newFailed":false,"newBroken":false,"newPassed":false,"retriesCount":0,"retriesStatusChange":false,"beforeStages":[{"name":"_session_faker","time":{"start":1755555598237,"stop":1755555598238,"duration":1},"status":"passed","steps":[],"attachments":[],"parameters":[],"shouldDisplayMessage":false,"stepsCount":0,"attachmentsCount":0,"hasContent":false},{"name":"auth_headers","time":{"start":1755555598238,"stop":1755555598735,"duration":497},"status":"passed","steps":[],"attachments":[],"parameters":[],"shouldDisplayMessage":false,"stepsCount":0,"attachmentsCount":0,"hasContent":false},{"name":"setup_add_options","time":{"start":1755555658610,"stop":1755555658610,"duration":0},"status":"passed","steps":[],"attachments":[],"parameters":[],"shouldDisplayMessage":false,"stepsCount":0,"attachmentsCount":0,"hasContent":false}],"testStage":{"status":"skipped","statusMessage":"XFAIL Known issue BUG: Validación faltante para valores negativos en campo 'position' - Comportamiento inconsistente al normalizar\n\nAssertionError","statusTrace":"setup_add_options = ({'Authorization': 'Bearer eyJ0eXAiOiJKV1QiLCJhbGciOiJSUzI1NiJ9.eyJpYXQiOjE3NTU1NTU1OTgsImV4cCI6MTc1NTU1OTE5OCwicm9sZX...-LAEOBviiVHIR5JVCa2lCQwAL_bUvPRTZ71KZYG7rriFSAAdQkcnuWCgsvDQ5LbdY56PWa6ghYcJKsbj58_g2tWM_TFZf2vrMRPvn5r1QgkH6FY0'}, [])\n\n    @pytest.mark.functional\n    @pytest.mark.negative\n    @pytest.mark.medium\n    @pytest.mark.xfail(reason=\"Known issue BUG: Validación faltante para valores negativos en campo 'position' - Comportamiento inconsistente al normalizar\", run=True)\n    def test_TC226_Verificar_error_al_crear_opcion_con_position_negativo(setup_add_options):\n        headers, _ = setup_add_options\n        payload = generate_options_source_data()\n        payload[\"position\"] = fake.random_int(min=-1000, max=-1)\n        response = SyliusRequest.post(EndpointOptions.options(), headers, payload)\n        log_request_response(EndpointOptions.options(), response, headers, payload)\n>       AssertionStatusCode.assert_status_code_422(response)\n\ntests/catalog/options/test_HU11_ES_POST_ProductOption.py:170: \n_ _ _ _ _ _ _ _ _ _ _ _ _ _ _ _ _ _ _ _ _ _ _ _ _ _ _ _ _ _ _ _ _ _ _ _ _ _ _ _ \n\nresponse = <Response [201]>\n\n    @staticmethod\n    def assert_status_code_422(response):\n>       assert response.status_code == 422\n               ^^^^^^^^^^^^^^^^^^^^^^^^^^^\nE       AssertionError\n\nsrc/assertions/status_code_assertions.py:59: AssertionError","steps":[],"attachments":[{"uid":"693ef810d3b75534","name":"log","source":"693ef810d3b75534.txt","type":"text/plain","size":2186}],"parameters":[],"shouldDisplayMessage":true,"stepsCount":0,"attachmentsCount":1,"hasContent":true},"afterStages":[{"name":"setup_add_options::0","time":{"start":1755555658811,"stop":1755555658811,"duration":0},"status":"passed","steps":[],"attachments":[],"parameters":[],"shouldDisplayMessage":false,"stepsCount":0,"attachmentsCount":0,"hasContent":false}],"labels":[{"name":"tag","value":"medium"},{"name":"tag","value":"negative"},{"name":"tag","value":"functional"},{"name":"parentSuite","value":"tests.catalog.options"},{"name":"suite","value":"test_HU11_ES_POST_ProductOption"},{"name":"host","value":"pkrvmubgrv54qmi"},{"name":"thread","value":"2403-MainThread"},{"name":"framework","value":"pytest"},{"name":"language","value":"cpython3"},{"name":"package","value":"tests.catalog.options.test_HU11_ES_POST_ProductOption"},{"name":"resultFormat","value":"allure2"}],"parameters":[],"links":[],"hidden":false,"retry":false,"extra":{"severity":"normal","retries":[],"categories":[],"history":{"statistic":{"failed":0,"broken":0,"skipped":10,"passed":0,"unknown":0,"total":10},"items":[{"uid":"32f8a1fce721926c","reportUrl":"https://Elv500.github.io/Softsign/96//#testresult/32f8a1fce721926c","status":"skipped","statusDetails":"XFAIL Known issue BUG: Validación faltante para valores negativos en campo 'position' - Comportamiento inconsistente al normalizar\n\nAssertionError","time":{"start":1755555042917,"stop":1755555043446,"duration":529}},{"uid":"2c6292d42c0ee71","reportUrl":"https://Elv500.github.io/Softsign/95//#testresult/2c6292d42c0ee71","status":"skipped","statusDetails":"XFAIL Known issue BUG: Validación faltante para valores negativos en campo 'position' - Comportamiento inconsistente al normalizar\n\nAssertionError","time":{"start":1755553468693,"stop":1755553468948,"duration":255}},{"uid":"d8e418d4612dd63b","reportUrl":"https://Elv500.github.io/Softsign/94//#testresult/d8e418d4612dd63b","status":"skipped","statusDetails":"XFAIL Known issue BUG: Validación faltante para valores negativos en campo 'position' - Comportamiento inconsistente al normalizar\n\nAssertionError","time":{"start":1755553162132,"stop":1755553162396,"duration":264}},{"uid":"cf47418bfe943e0f","reportUrl":"https://Elv500.github.io/Softsign/93//#testresult/cf47418bfe943e0f","status":"skipped","statusDetails":"XFAIL Known issue BUG: Validación faltante para valores negativos en campo 'position' - Comportamiento inconsistente al normalizar\n\nAssertionError","time":{"start":1755552770883,"stop":1755552771059,"duration":176}},{"uid":"e07e45b4de51a1a0","reportUrl":"https://Elv500.github.io/Softsign/92//#testresult/e07e45b4de51a1a0","status":"skipped","statusDetails":"XFAIL Known issue BUG: Validación faltante para valores negativos en campo 'position' - Comportamiento inconsistente al normalizar\n\nAssertionError","time":{"start":1755552465752,"stop":1755552466295,"duration":543}},{"uid":"c767366ad563d6fe","reportUrl":"https://Elv500.github.io/Softsign/77//#testresult/c767366ad563d6fe","status":"skipped","statusDetails":"XFAIL Known issue BUG: Validación faltante para valores negativos en campo 'position' - Comportamiento inconsistente al normalizar\n\nAssertionError","time":{"start":1755547107155,"stop":1755547107499,"duration":344}},{"uid":"fad290b1ab9a7446","reportUrl":"https://Elv500.github.io/Softsign/72//#testresult/fad290b1ab9a7446","status":"skipped","statusDetails":"XFAIL Known issue BUG: Validación faltante para valores negativos en campo 'position' - Comportamiento inconsistente al normalizar\n\nAssertionError","time":{"start":1755546904151,"stop":1755546904549,"duration":398}},{"uid":"5808b89f6f61b706","reportUrl":"https://Elv500.github.io/Softsign/70//#testresult/5808b89f6f61b706","status":"skipped","statusDetails":"XFAIL Known issue BUG: Validación faltante para valores negativos en campo 'position' - Comportamiento inconsistente al normalizar\n\nAssertionError","time":{"start":1755546839107,"stop":1755546839477,"duration":370}},{"uid":"87b96fcd5fa0a2ad","reportUrl":"https://Elv500.github.io/Softsign/57//#testresult/87b96fcd5fa0a2ad","status":"skipped","statusDetails":"XFAIL Known issue BUG: Validación faltante para valores negativos en campo 'position' - Comportamiento inconsistente al normalizar\n\nAssertionError","time":{"start":1755544226765,"stop":1755544227617,"duration":852}}]},"tags":["negative","functional","medium"]},"source":"73dd02528991ae3b.json","parameterValues":[]}