{"uid":"bb43e03d167382b4","name":"test_tc322_Verificar_error_al_actualizar_opción_con_position_de_tipo_negativo","fullName":"tests.catalog.options.test_HU25_ES_PUT_ProductOption#test_tc322_Verificar_error_al_actualizar_opción_con_position_de_tipo_negativo","historyId":"b94f297ca1addf088bb354d7b6cfe107","time":{"start":1755467430800,"stop":1755467431128,"duration":328},"status":"skipped","statusMessage":"XFAIL Known issue BUG: Validación faltante para valores negativos en campo 'position' - Comportamiento inconsistente al normalizar\n\nAssertionError","statusTrace":"setup_options_cleanup = ({'Authorization': 'Bearer eyJ0eXAiOiJKV1QiLCJhbGciOiJSUzI1NiJ9.eyJpYXQiOjE3NTU0NjczNzAsImV4cCI6MTc1NTQ3MDk3MCwicm9sZX...l7iMeyKNSOFiM9xlQJClw0Q7U4Bf6uGI'}, <function setup_options_cleanup.<locals>.add_option_for_cleanup at 0x7fdbfae50cc0>)\n\n    @pytest.mark.functional\n    @pytest.mark.negative\n    @pytest.mark.xfail(reason=\"Known issue BUG: Validación faltante para valores negativos en campo 'position' - Comportamiento inconsistente al normalizar\", run=True)\n    def test_tc322_Verificar_error_al_actualizar_opción_con_position_de_tipo_negativo(setup_options_cleanup):\n        headers, _ = setup_options_cleanup\n        payload = generate_options_source_data()\n        response = SyliusRequest.post(EndpointOptions.options(), headers, payload)\n        AssertionStatusCode.assert_status_code_201(response)\n        code = response.json()[\"code\"]\n        en_us_translation = response.json()[\"translations\"].get(\"en_US\", {})\n        translation_id = en_us_translation.get(\"@id\")\n        updated_payload = generate_updated_options_payload(code, translation_id)\n        updated_payload[\"position\"] = fake.random_int(min=-1000, max=-1)\n        response = SyliusRequest().put_with_custom_headers(EndpointOptions.code(code), headers, updated_payload)\n        log_request_response(EndpointOptions.code(code), response, headers, updated_payload)\n>       AssertionStatusCode.assert_status_code_400(response)\n\ntests/catalog/options/test_HU25_ES_PUT_ProductOption.py:157: \n_ _ _ _ _ _ _ _ _ _ _ _ _ _ _ _ _ _ _ _ _ _ _ _ _ _ _ _ _ _ _ _ _ _ _ _ _ _ _ _ \n\nresponse = <Response [200]>\n\n    @staticmethod\n    def assert_status_code_400(response):\n>       assert response.status_code == 400\n               ^^^^^^^^^^^^^^^^^^^^^^^^^^^\nE       AssertionError\n\nsrc/assertions/status_code_assertions.py:23: AssertionError","flaky":false,"newFailed":false,"newBroken":false,"newPassed":false,"retriesCount":0,"retriesStatusChange":false,"beforeStages":[{"name":"_session_faker","time":{"start":1755467370080,"stop":1755467370081,"duration":1},"status":"passed","steps":[],"attachments":[],"parameters":[],"shouldDisplayMessage":false,"stepsCount":0,"attachmentsCount":0,"hasContent":false},{"name":"auth_headers","time":{"start":1755467370081,"stop":1755467370590,"duration":509},"status":"passed","steps":[],"attachments":[],"parameters":[],"shouldDisplayMessage":false,"stepsCount":0,"attachmentsCount":0,"hasContent":false},{"name":"setup_options_cleanup","time":{"start":1755467430800,"stop":1755467430800,"duration":0},"status":"passed","steps":[],"attachments":[],"parameters":[],"shouldDisplayMessage":false,"stepsCount":0,"attachmentsCount":0,"hasContent":false}],"testStage":{"status":"skipped","statusMessage":"XFAIL Known issue BUG: Validación faltante para valores negativos en campo 'position' - Comportamiento inconsistente al normalizar\n\nAssertionError","statusTrace":"setup_options_cleanup = ({'Authorization': 'Bearer eyJ0eXAiOiJKV1QiLCJhbGciOiJSUzI1NiJ9.eyJpYXQiOjE3NTU0NjczNzAsImV4cCI6MTc1NTQ3MDk3MCwicm9sZX...l7iMeyKNSOFiM9xlQJClw0Q7U4Bf6uGI'}, <function setup_options_cleanup.<locals>.add_option_for_cleanup at 0x7fdbfae50cc0>)\n\n    @pytest.mark.functional\n    @pytest.mark.negative\n    @pytest.mark.xfail(reason=\"Known issue BUG: Validación faltante para valores negativos en campo 'position' - Comportamiento inconsistente al normalizar\", run=True)\n    def test_tc322_Verificar_error_al_actualizar_opción_con_position_de_tipo_negativo(setup_options_cleanup):\n        headers, _ = setup_options_cleanup\n        payload = generate_options_source_data()\n        response = SyliusRequest.post(EndpointOptions.options(), headers, payload)\n        AssertionStatusCode.assert_status_code_201(response)\n        code = response.json()[\"code\"]\n        en_us_translation = response.json()[\"translations\"].get(\"en_US\", {})\n        translation_id = en_us_translation.get(\"@id\")\n        updated_payload = generate_updated_options_payload(code, translation_id)\n        updated_payload[\"position\"] = fake.random_int(min=-1000, max=-1)\n        response = SyliusRequest().put_with_custom_headers(EndpointOptions.code(code), headers, updated_payload)\n        log_request_response(EndpointOptions.code(code), response, headers, updated_payload)\n>       AssertionStatusCode.assert_status_code_400(response)\n\ntests/catalog/options/test_HU25_ES_PUT_ProductOption.py:157: \n_ _ _ _ _ _ _ _ _ _ _ _ _ _ _ _ _ _ _ _ _ _ _ _ _ _ _ _ _ _ _ _ _ _ _ _ _ _ _ _ \n\nresponse = <Response [200]>\n\n    @staticmethod\n    def assert_status_code_400(response):\n>       assert response.status_code == 400\n               ^^^^^^^^^^^^^^^^^^^^^^^^^^^\nE       AssertionError\n\nsrc/assertions/status_code_assertions.py:23: AssertionError","steps":[],"attachments":[{"uid":"b6fcdaca5bbd2cda","name":"log","source":"b6fcdaca5bbd2cda.txt","type":"text/plain","size":2496}],"parameters":[],"shouldDisplayMessage":true,"stepsCount":0,"attachmentsCount":1,"hasContent":true},"afterStages":[{"name":"setup_options_cleanup::0","time":{"start":1755467431137,"stop":1755467431137,"duration":0},"status":"passed","steps":[],"attachments":[],"parameters":[],"shouldDisplayMessage":false,"stepsCount":0,"attachmentsCount":0,"hasContent":false}],"labels":[{"name":"tag","value":"negative"},{"name":"tag","value":"functional"},{"name":"parentSuite","value":"tests.catalog.options"},{"name":"suite","value":"test_HU25_ES_PUT_ProductOption"},{"name":"host","value":"pkrvmubgrv54qmi"},{"name":"thread","value":"2375-MainThread"},{"name":"framework","value":"pytest"},{"name":"language","value":"cpython3"},{"name":"package","value":"tests.catalog.options.test_HU25_ES_PUT_ProductOption"},{"name":"resultFormat","value":"allure2"}],"parameters":[],"links":[],"hidden":false,"retry":false,"extra":{"severity":"normal","retries":[],"categories":[],"tags":["negative","functional"]},"source":"bb43e03d167382b4.json","parameterValues":[]}