{"uid":"f94f85481253537a","name":"test_tc322_Verificar_error_al_actualizar_opción_con_position_de_tipo_negativo","fullName":"tests.catalog.options.test_HU25_ES_PUT_ProductOption#test_tc322_Verificar_error_al_actualizar_opción_con_position_de_tipo_negativo","historyId":"b94f297ca1addf088bb354d7b6cfe107","time":{"start":1755544244100,"stop":1755544245300,"duration":1200},"status":"skipped","statusMessage":"XFAIL Known issue BUG: Validación faltante para valores negativos en campo 'position' - Comportamiento inconsistente al normalizar\n\nAssertionError","statusTrace":"setup_options_cleanup = ({'Authorization': 'Bearer eyJ0eXAiOiJKV1QiLCJhbGciOiJSUzI1NiJ9.eyJpYXQiOjE3NTU1NDM5NTUsImV4cCI6MTc1NTU0NzU1NSwicm9sZX...hDJzMgrPVKiwQTkepKI2qZmuSeq4WJf4'}, <function setup_options_cleanup.<locals>.add_option_for_cleanup at 0x7f1f816b87c0>)\n\n    @pytest.mark.functional\n    @pytest.mark.negative\n    @pytest.mark.low\n    @pytest.mark.xfail(reason=\"Known issue BUG: Validación faltante para valores negativos en campo 'position' - Comportamiento inconsistente al normalizar\", run=True)\n    def test_tc322_Verificar_error_al_actualizar_opción_con_position_de_tipo_negativo(setup_options_cleanup):\n        headers, _ = setup_options_cleanup\n        payload = generate_options_source_data()\n        response = SyliusRequest.post(EndpointOptions.options(), headers, payload)\n        AssertionStatusCode.assert_status_code_201(response)\n        code = response.json()[\"code\"]\n        en_us_translation = response.json()[\"translations\"].get(\"en_US\", {})\n        translation_id = en_us_translation.get(\"@id\")\n        updated_payload = generate_updated_options_payload(code, translation_id)\n        updated_payload[\"position\"] = fake.random_int(min=-1000, max=-1)\n        response = SyliusRequest().put_with_custom_headers(EndpointOptions.code(code), headers, updated_payload)\n        log_request_response(EndpointOptions.code(code), response, headers, updated_payload)\n>       AssertionStatusCode.assert_status_code_400(response)\n\ntests/catalog/options/test_HU25_ES_PUT_ProductOption.py:165: \n_ _ _ _ _ _ _ _ _ _ _ _ _ _ _ _ _ _ _ _ _ _ _ _ _ _ _ _ _ _ _ _ _ _ _ _ _ _ _ _ \n\nresponse = <Response [200]>\n\n    @staticmethod\n    def assert_status_code_400(response):\n>       assert response.status_code == 400\n               ^^^^^^^^^^^^^^^^^^^^^^^^^^^\nE       AssertionError\n\nsrc/assertions/status_code_assertions.py:23: AssertionError","flaky":false,"newFailed":false,"newBroken":false,"newPassed":false,"retriesCount":0,"retriesStatusChange":false,"beforeStages":[{"name":"_session_faker","time":{"start":1755543954615,"stop":1755543954615,"duration":0},"status":"passed","steps":[],"attachments":[],"parameters":[],"shouldDisplayMessage":false,"stepsCount":0,"attachmentsCount":0,"hasContent":false},{"name":"auth_headers","time":{"start":1755543954616,"stop":1755543956074,"duration":1458},"status":"passed","steps":[],"attachments":[],"parameters":[],"shouldDisplayMessage":false,"stepsCount":0,"attachmentsCount":0,"hasContent":false},{"name":"setup_options_cleanup","time":{"start":1755544244099,"stop":1755544244100,"duration":1},"status":"passed","steps":[],"attachments":[],"parameters":[],"shouldDisplayMessage":false,"stepsCount":0,"attachmentsCount":0,"hasContent":false}],"testStage":{"status":"skipped","statusMessage":"XFAIL Known issue BUG: Validación faltante para valores negativos en campo 'position' - Comportamiento inconsistente al normalizar\n\nAssertionError","statusTrace":"setup_options_cleanup = ({'Authorization': 'Bearer eyJ0eXAiOiJKV1QiLCJhbGciOiJSUzI1NiJ9.eyJpYXQiOjE3NTU1NDM5NTUsImV4cCI6MTc1NTU0NzU1NSwicm9sZX...hDJzMgrPVKiwQTkepKI2qZmuSeq4WJf4'}, <function setup_options_cleanup.<locals>.add_option_for_cleanup at 0x7f1f816b87c0>)\n\n    @pytest.mark.functional\n    @pytest.mark.negative\n    @pytest.mark.low\n    @pytest.mark.xfail(reason=\"Known issue BUG: Validación faltante para valores negativos en campo 'position' - Comportamiento inconsistente al normalizar\", run=True)\n    def test_tc322_Verificar_error_al_actualizar_opción_con_position_de_tipo_negativo(setup_options_cleanup):\n        headers, _ = setup_options_cleanup\n        payload = generate_options_source_data()\n        response = SyliusRequest.post(EndpointOptions.options(), headers, payload)\n        AssertionStatusCode.assert_status_code_201(response)\n        code = response.json()[\"code\"]\n        en_us_translation = response.json()[\"translations\"].get(\"en_US\", {})\n        translation_id = en_us_translation.get(\"@id\")\n        updated_payload = generate_updated_options_payload(code, translation_id)\n        updated_payload[\"position\"] = fake.random_int(min=-1000, max=-1)\n        response = SyliusRequest().put_with_custom_headers(EndpointOptions.code(code), headers, updated_payload)\n        log_request_response(EndpointOptions.code(code), response, headers, updated_payload)\n>       AssertionStatusCode.assert_status_code_400(response)\n\ntests/catalog/options/test_HU25_ES_PUT_ProductOption.py:165: \n_ _ _ _ _ _ _ _ _ _ _ _ _ _ _ _ _ _ _ _ _ _ _ _ _ _ _ _ _ _ _ _ _ _ _ _ _ _ _ _ \n\nresponse = <Response [200]>\n\n    @staticmethod\n    def assert_status_code_400(response):\n>       assert response.status_code == 400\n               ^^^^^^^^^^^^^^^^^^^^^^^^^^^\nE       AssertionError\n\nsrc/assertions/status_code_assertions.py:23: AssertionError","steps":[],"attachments":[{"uid":"1c928343e378abdf","name":"log","source":"1c928343e378abdf.txt","type":"text/plain","size":2487}],"parameters":[],"shouldDisplayMessage":true,"stepsCount":0,"attachmentsCount":1,"hasContent":true},"afterStages":[{"name":"setup_options_cleanup::0","time":{"start":1755544245309,"stop":1755544245309,"duration":0},"status":"passed","steps":[],"attachments":[],"parameters":[],"shouldDisplayMessage":false,"stepsCount":0,"attachmentsCount":0,"hasContent":false}],"labels":[{"name":"tag","value":"low"},{"name":"tag","value":"negative"},{"name":"tag","value":"functional"},{"name":"parentSuite","value":"tests.catalog.options"},{"name":"suite","value":"test_HU25_ES_PUT_ProductOption"},{"name":"host","value":"pkrvmubgrv54qmi"},{"name":"thread","value":"2416-MainThread"},{"name":"framework","value":"pytest"},{"name":"language","value":"cpython3"},{"name":"package","value":"tests.catalog.options.test_HU25_ES_PUT_ProductOption"},{"name":"resultFormat","value":"allure2"}],"parameters":[],"links":[],"hidden":false,"retry":false,"extra":{"severity":"normal","retries":[],"categories":[],"tags":["negative","functional","low"]},"source":"f94f85481253537a.json","parameterValues":[]}